Build started 13/10/2013 17:14:44.
     1>Project "E:\ABERTAY\goap\goap\goap.vcxproj" on node 2 (build target(s)).
     1>InitializeBuildStatus:
         Creating "Debug\goap.unsuccessfulbuild" because "AlwaysCreate" was specified.
       ClCompile:
         c:\Program Files\Microsoft Visual Studio 10.0\VC\bin\CL.exe /c /ZI /nologo /W3 /WX- /Od /Oy- /D WIN32 /D _DEBUG /D _CONSOLE /D _UNICODE /D UNICODE /Gm /EHsc /RTC1 /MDd /GS /fp:precise /Zc:wchar_t /Zc:forScope /Fo"Debug\\" /Fd"Debug\vc100.pdb" /Gd /TP /analyze- /errorReport:prompt main_test.cpp
         main_test.cpp
       ManifestResourceCompile:
         All outputs are up-to-date.
       Link:
         c:\Program Files\Microsoft Visual Studio 10.0\VC\bin\link.exe /ERRORREPORT:PROMPT /OUT:"E:\ABERTAY\goap\Debug\goap.exe" /INCREMENTAL /NOLOGO kernel32.lib user32.lib gdi32.lib winspool.lib comdlg32.lib advapi32.lib shell32.lib ole32.lib oleaut32.lib uuid.lib odbc32.lib odbccp32.lib /MANIFEST /ManifestFile:"Debug\goap.exe.intermediate.manifest" /MANIFESTUAC:"level='asInvoker' uiAccess='false'" /DEBUG /PDB:"E:\ABERTAY\goap\Debug\goap.pdb" /SUBSYSTEM:CONSOLE /TLBID:1 /DYNAMICBASE /NXCOMPAT /IMPLIB:"E:\ABERTAY\goap\Debug\goap.lib" /MACHINE:X86 Debug\goap.exe.embed.manifest.res
         Debug\main_test.obj
       Manifest:
         C:\Program Files\Microsoft SDKs\Windows\v7.0A\bin\mt.exe /nologo /verbose /out:"Debug\goap.exe.embed.manifest" /manifest Debug\goap.exe.intermediate.manifest
         All outputs are up-to-date.
       LinkEmbedManifest:
         All outputs are up-to-date.
         goap.vcxproj -> E:\ABERTAY\goap\Debug\goap.exe
       FinalizeBuildStatus:
         Deleting file "Debug\goap.unsuccessfulbuild".
         Touching "Debug\goap.lastbuildstate".
     1>Done Building Project "E:\ABERTAY\goap\goap\goap.vcxproj" (build target(s)).

Build succeeded.

Time Elapsed 00:00:02.33
