E:\ABERTAY\GOAP\DEBUG\GOAP.EXE
E:\ABERTAY\GOAP\DEBUG\GOAP.ILK
E:\ABERTAY\GOAP\DEBUG\GOAP.PDB
E:\ABERTAY\GOAP\GOAP\DEBUG\ABSTRACTCONDITION.OBJ
E:\ABERTAY\GOAP\GOAP\DEBUG\AGENT.OBJ
E:\ABERTAY\goap\goap\Debug\cl.command.1.tlog
E:\ABERTAY\goap\goap\Debug\CL.read.1.tlog
E:\ABERTAY\goap\goap\Debug\CL.write.1.tlog
E:\ABERTAY\GOAP\GOAP\DEBUG\CONCRETECONDITION.OBJ
E:\ABERTAY\GOAP\GOAP\DEBUG\GOAP.EXE.EMBED.MANIFEST
E:\ABERTAY\GOAP\GOAP\DEBUG\GOAP.EXE.EMBED.MANIFEST.RES
E:\ABERTAY\GOAP\GOAP\DEBUG\GOAP.EXE.INTERMEDIATE.MANIFEST
E:\ABERTAY\goap\goap\Debug\goap_manifest.rc
E:\ABERTAY\goap\goap\Debug\link.3800.read.1.tlog
E:\ABERTAY\goap\goap\Debug\link.3800.write.1.tlog
E:\ABERTAY\goap\goap\Debug\link.3800-cvtres.read.1.tlog
E:\ABERTAY\goap\goap\Debug\link.3800-cvtres.write.1.tlog
E:\ABERTAY\goap\goap\Debug\link.command.1.tlog
E:\ABERTAY\goap\goap\Debug\link.read.1.tlog
E:\ABERTAY\goap\goap\Debug\link.write.1.tlog
E:\ABERTAY\goap\goap\Debug\link-cvtres.read.1.tlog
E:\ABERTAY\goap\goap\Debug\link-cvtres.write.1.tlog
E:\ABERTAY\GOAP\GOAP\DEBUG\MAIN_TEST.OBJ
E:\ABERTAY\goap\goap\Debug\mt.command.1.tlog
E:\ABERTAY\goap\goap\Debug\mt.read.1.tlog
E:\ABERTAY\goap\goap\Debug\mt.write.1.tlog
E:\ABERTAY\GOAP\GOAP\DEBUG\OBJECT.OBJ
E:\ABERTAY\GOAP\GOAP\DEBUG\OPERATOR.OBJ
E:\ABERTAY\GOAP\GOAP\DEBUG\OPERATOREQUAL.OBJ
E:\ABERTAY\goap\goap\Debug\rc.command.1.tlog
E:\ABERTAY\goap\goap\Debug\rc.read.1.tlog
E:\ABERTAY\goap\goap\Debug\rc.write.1.tlog
E:\ABERTAY\GOAP\GOAP\DEBUG\SEMANTICCONDITION.OBJ
E:\ABERTAY\goap\goap\Debug\vc100.idb
E:\ABERTAY\GOAP\GOAP\DEBUG\VC100.PDB
